kube-master:log root$ kubectl get nodes
NAME         STATUS   ROLES     AGE     VERSION
kube-master  Ready    master    186d    v1.14.3
kube-node-1  Ready    <none>    186d    v1.14.3
kube-master:log root$


kube-master:log root$ kubectl get nodes
NAME         STATUS   ROLES     AGE     VERSION
kube-master  Ready    master    186d    v1.14.3
kube-node-1  Ready    <none>    186d    v1.14.3
kube-node-2  Ready    <none>    186d    v1.14.3
kube-master:log root$



kube-master:log root$ kubectl get pods -o wide | grep user-service
NAME                 READY   STATUS    RESTARTS   AGE     IP            NODE          NOMINATED NODE   READINESS GATES
user-service-fmtcr   1/1     Running   0          5m50s   10.244.2.11   kube-node-1   <none>           <none>
user-service-mkwn2   1/1     Running   0          5m50s   10.244.3.9    kube-node-1   <none>           <none>



kube-master:log root$ kubectl get pods -o wide | grep user-service
NAME                 READY   STATUS    RESTARTS   AGE     IP            NODE          NOMINATED NODE   READINESS GATES
user-service-fmtcr   1/1     Running   0          11m23s  10.244.2.11   kube-node-1   <none>           <none>
user-service-mkwn2   1/1     Running   0          11m23s  10.244.3.9    kube-node-1   <none>           <none>
user-service-gfdhg   1/1     Running   0          5m50s   10.244.2.37   kube-node-2   <none>           <none>






